Experiemnt date: Sun Jan 23 21:11:29 2022
Training examples: 25000
Testing examples: 25000
Vocab size: 20436
The model has 397,728 trainable parameters
Epoch 1/10
Epoch: 01 | Epoch Time: 0m 12s
	Train Loss: 0.632 | Train Acc: 62.43%
	 Val. Loss: 0.567 |  Val. Acc: 70.95%
Epoch 2/10
Epoch: 02 | Epoch Time: 0m 12s
	Train Loss: 0.433 | Train Acc: 80.09%
	 Val. Loss: 0.423 |  Val. Acc: 80.61%
Epoch 3/10
Epoch: 03 | Epoch Time: 0m 12s
	Train Loss: 0.337 | Train Acc: 85.65%
	 Val. Loss: 0.387 |  Val. Acc: 83.00%
Epoch 4/10
Epoch: 04 | Epoch Time: 0m 12s
	Train Loss: 0.283 | Train Acc: 88.42%
	 Val. Loss: 0.377 |  Val. Acc: 83.96%
Epoch 5/10
Epoch: 05 | Epoch Time: 0m 12s
	Train Loss: 0.240 | Train Acc: 90.54%
	 Val. Loss: 0.387 |  Val. Acc: 84.34%
Epoch 6/10
Epoch: 06 | Epoch Time: 0m 12s
	Train Loss: 0.205 | Train Acc: 92.22%
	 Val. Loss: 0.421 |  Val. Acc: 82.94%
Epoch 7/10
Epoch: 07 | Epoch Time: 0m 12s
	Train Loss: 0.177 | Train Acc: 93.49%
	 Val. Loss: 0.396 |  Val. Acc: 84.70%
Epoch 8/10
Epoch: 08 | Epoch Time: 0m 12s
	Train Loss: 0.152 | Train Acc: 94.67%
	 Val. Loss: 0.481 |  Val. Acc: 83.64%
Epoch 9/10
Epoch: 09 | Epoch Time: 0m 12s
	Train Loss: 0.128 | Train Acc: 95.51%
	 Val. Loss: 0.479 |  Val. Acc: 83.83%
Epoch 10/10
Epoch: 10 | Epoch Time: 0m 12s
	Train Loss: 0.113 | Train Acc: 96.22%
	 Val. Loss: 0.462 |  Val. Acc: 84.31%
