Experiemnt date: Mon Jan 24 05:07:00 2022
Training examples: 25000
Testing examples: 25000
Vocab size: 20436
The model has 331,680 trainable parameters
Epoch 1/10
Epoch: 01 | Epoch Time: 0m 11s
	Train Loss: 0.730 | Train Acc: 51.62%
	 Val. Loss: 0.690 |  Val. Acc: 52.97%
Epoch 2/10
Epoch: 02 | Epoch Time: 0m 12s
	Train Loss: 0.691 | Train Acc: 52.92%
	 Val. Loss: 0.687 |  Val. Acc: 54.76%
Epoch 3/10
Epoch: 03 | Epoch Time: 0m 12s
	Train Loss: 0.683 | Train Acc: 55.73%
	 Val. Loss: 0.674 |  Val. Acc: 60.53%
Epoch 4/10
Epoch: 04 | Epoch Time: 0m 11s
	Train Loss: 0.660 | Train Acc: 61.03%
	 Val. Loss: 0.643 |  Val. Acc: 65.43%
Epoch 5/10
Epoch: 05 | Epoch Time: 0m 12s
	Train Loss: 0.597 | Train Acc: 68.81%
	 Val. Loss: 0.560 |  Val. Acc: 72.40%
Epoch 6/10
Epoch: 06 | Epoch Time: 0m 12s
	Train Loss: 0.480 | Train Acc: 77.46%
	 Val. Loss: 0.475 |  Val. Acc: 77.37%
Epoch 7/10
Epoch: 07 | Epoch Time: 0m 12s
	Train Loss: 0.378 | Train Acc: 83.44%
	 Val. Loss: 0.452 |  Val. Acc: 78.98%
Epoch 8/10
Epoch: 08 | Epoch Time: 0m 12s
	Train Loss: 0.314 | Train Acc: 86.82%
	 Val. Loss: 0.435 |  Val. Acc: 80.41%
Epoch 9/10
Epoch: 09 | Epoch Time: 0m 12s
	Train Loss: 0.266 | Train Acc: 89.19%
	 Val. Loss: 0.449 |  Val. Acc: 80.70%
Epoch 10/10
Epoch: 10 | Epoch Time: 0m 12s
	Train Loss: 0.226 | Train Acc: 91.18%
	 Val. Loss: 0.468 |  Val. Acc: 81.06%
