Experiemnt date: Sun Jan 23 23:10:11 2022
Training examples: 120000
Testing examples: 7600
Vocab size: 20644
The model has 401,348 trainable parameters
Epoch 1/10
Epoch: 01 | Epoch Time: 35m 34s
	Train Loss: 0.638 | Train Acc: 74.51%
	 Val. Loss: 0.418 |  Val. Acc: 85.22%
Epoch 2/10
Epoch: 02 | Epoch Time: 35m 26s
	Train Loss: 0.327 | Train Acc: 88.81%
	 Val. Loss: 0.317 |  Val. Acc: 89.15%
Epoch 3/10
Epoch: 03 | Epoch Time: 36m 0s
	Train Loss: 0.261 | Train Acc: 91.20%
	 Val. Loss: 0.296 |  Val. Acc: 90.07%
Epoch 4/10
Epoch: 04 | Epoch Time: 35m 35s
	Train Loss: 0.224 | Train Acc: 92.47%
	 Val. Loss: 0.289 |  Val. Acc: 90.61%
Epoch 5/10
Epoch: 05 | Epoch Time: 35m 39s
	Train Loss: 0.199 | Train Acc: 93.39%
	 Val. Loss: 0.271 |  Val. Acc: 90.93%
Epoch 6/10
Epoch: 06 | Epoch Time: 35m 24s
	Train Loss: 0.180 | Train Acc: 94.02%
	 Val. Loss: 0.277 |  Val. Acc: 91.16%
Epoch 7/10
Epoch: 07 | Epoch Time: 35m 10s
	Train Loss: 0.163 | Train Acc: 94.58%
	 Val. Loss: 0.293 |  Val. Acc: 91.06%
Epoch 8/10
Epoch: 08 | Epoch Time: 36m 10s
	Train Loss: 0.150 | Train Acc: 95.06%
	 Val. Loss: 0.273 |  Val. Acc: 91.48%
Epoch 9/10
Epoch: 09 | Epoch Time: 35m 49s
	Train Loss: 0.138 | Train Acc: 95.44%
	 Val. Loss: 0.278 |  Val. Acc: 91.57%
Epoch 10/10
Epoch: 10 | Epoch Time: 35m 53s
	Train Loss: 0.127 | Train Acc: 95.80%
	 Val. Loss: 0.286 |  Val. Acc: 91.20%
