Experiemnt date: Wed Jan 26 23:27:53 2022
Training examples: 25000
Testing examples: 25000
Vocab size: 20436
The model has 331,680 trainable parameters
Epoch 1/10
Epoch: 01 | Epoch Time: 9m 11s
	Train Loss: 0.659 | Train Acc: 60.85%
	 Val. Loss: 0.574 |  Val. Acc: 71.36%
Epoch 2/10
Epoch: 02 | Epoch Time: 9m 10s
	Train Loss: 0.466 | Train Acc: 78.56%
	 Val. Loss: 0.443 |  Val. Acc: 79.87%
Epoch 3/10
Epoch: 03 | Epoch Time: 9m 6s
	Train Loss: 0.355 | Train Acc: 85.19%
	 Val. Loss: 0.392 |  Val. Acc: 82.72%
Epoch 4/10
Epoch: 04 | Epoch Time: 9m 9s
	Train Loss: 0.300 | Train Acc: 87.61%
	 Val. Loss: 0.373 |  Val. Acc: 83.81%
Epoch 5/10
Epoch: 05 | Epoch Time: 9m 8s
	Train Loss: 0.261 | Train Acc: 89.72%
	 Val. Loss: 0.367 |  Val. Acc: 84.47%
Epoch 6/10
Epoch: 06 | Epoch Time: 9m 9s
	Train Loss: 0.229 | Train Acc: 91.10%
	 Val. Loss: 0.366 |  Val. Acc: 84.98%
Epoch 7/10
Epoch: 07 | Epoch Time: 9m 9s
	Train Loss: 0.203 | Train Acc: 92.30%
	 Val. Loss: 0.376 |  Val. Acc: 84.93%
Epoch 8/10
Epoch: 08 | Epoch Time: 9m 9s
	Train Loss: 0.178 | Train Acc: 93.53%
	 Val. Loss: 0.388 |  Val. Acc: 85.10%
Epoch 9/10
Epoch: 09 | Epoch Time: 9m 9s
	Train Loss: 0.157 | Train Acc: 94.31%
	 Val. Loss: 0.456 |  Val. Acc: 83.96%
Epoch 10/10
Epoch: 10 | Epoch Time: 9m 8s
	Train Loss: 0.136 | Train Acc: 95.20%
	 Val. Loss: 0.434 |  Val. Acc: 84.90%
