Experiemnt date: Sun Jan 23 21:03:37 2022
Training examples: 25000
Testing examples: 25000
Vocab size: 20436
The model has 332,704 trainable parameters
Epoch 1/10
Epoch: 01 | Epoch Time: 0m 13s
	Train Loss: 0.626 | Train Acc: 63.30%
	 Val. Loss: 0.521 |  Val. Acc: 74.20%
Epoch 2/10
Epoch: 02 | Epoch Time: 0m 13s
	Train Loss: 0.412 | Train Acc: 81.11%
	 Val. Loss: 0.400 |  Val. Acc: 82.10%
Epoch 3/10
Epoch: 03 | Epoch Time: 0m 13s
	Train Loss: 0.323 | Train Acc: 86.11%
	 Val. Loss: 0.384 |  Val. Acc: 83.54%
Epoch 4/10
Epoch: 04 | Epoch Time: 0m 13s
	Train Loss: 0.273 | Train Acc: 88.81%
	 Val. Loss: 0.356 |  Val. Acc: 84.84%
Epoch 5/10
Epoch: 05 | Epoch Time: 0m 13s
	Train Loss: 0.234 | Train Acc: 90.88%
	 Val. Loss: 0.368 |  Val. Acc: 85.09%
Epoch 6/10
Epoch: 06 | Epoch Time: 0m 13s
	Train Loss: 0.203 | Train Acc: 92.21%
	 Val. Loss: 0.390 |  Val. Acc: 84.01%
Epoch 7/10
Epoch: 07 | Epoch Time: 0m 13s
	Train Loss: 0.174 | Train Acc: 93.63%
	 Val. Loss: 0.390 |  Val. Acc: 85.05%
Epoch 8/10
Epoch: 08 | Epoch Time: 0m 13s
	Train Loss: 0.148 | Train Acc: 94.79%
	 Val. Loss: 0.440 |  Val. Acc: 84.21%
Epoch 9/10
Epoch: 09 | Epoch Time: 0m 13s
	Train Loss: 0.126 | Train Acc: 95.71%
	 Val. Loss: 0.473 |  Val. Acc: 83.95%
Epoch 10/10
Epoch: 10 | Epoch Time: 0m 13s
	Train Loss: 0.104 | Train Acc: 96.64%
	 Val. Loss: 0.513 |  Val. Acc: 84.13%
