Experiemnt date: Sun Jan 23 21:06:51 2022
Training examples: 120000
Testing examples: 7600
Vocab size: 20644
The model has 336,064 trainable parameters
Epoch 1/10
Epoch: 01 | Epoch Time: 0m 27s
	Train Loss: 0.688 | Train Acc: 71.67%
	 Val. Loss: 0.430 |  Val. Acc: 84.87%
Epoch 2/10
Epoch: 02 | Epoch Time: 0m 27s
	Train Loss: 0.343 | Train Acc: 88.30%
	 Val. Loss: 0.329 |  Val. Acc: 88.69%
Epoch 3/10
Epoch: 03 | Epoch Time: 0m 26s
	Train Loss: 0.276 | Train Acc: 90.65%
	 Val. Loss: 0.298 |  Val. Acc: 90.11%
Epoch 4/10
Epoch: 04 | Epoch Time: 0m 27s
	Train Loss: 0.238 | Train Acc: 91.99%
	 Val. Loss: 0.287 |  Val. Acc: 90.45%
Epoch 5/10
Epoch: 05 | Epoch Time: 0m 27s
	Train Loss: 0.213 | Train Acc: 92.81%
	 Val. Loss: 0.277 |  Val. Acc: 90.99%
Epoch 6/10
Epoch: 06 | Epoch Time: 0m 27s
	Train Loss: 0.193 | Train Acc: 93.47%
	 Val. Loss: 0.272 |  Val. Acc: 90.98%
Epoch 7/10
Epoch: 07 | Epoch Time: 0m 27s
	Train Loss: 0.177 | Train Acc: 94.00%
	 Val. Loss: 0.282 |  Val. Acc: 91.18%
Epoch 8/10
Epoch: 08 | Epoch Time: 0m 27s
	Train Loss: 0.163 | Train Acc: 94.53%
	 Val. Loss: 0.287 |  Val. Acc: 91.22%
Epoch 9/10
Epoch: 09 | Epoch Time: 0m 27s
	Train Loss: 0.152 | Train Acc: 94.89%
	 Val. Loss: 0.286 |  Val. Acc: 91.08%
Epoch 10/10
Epoch: 10 | Epoch Time: 0m 27s
	Train Loss: 0.141 | Train Acc: 95.27%
	 Val. Loss: 0.307 |  Val. Acc: 91.03%
